<?xml version="1.0" encoding="UTF-8"?>
<!-- Generated by org.testng.reporters.JUnitReportReporter -->
<testsuite skipped="0" hostname="PBLAP802" name="com.qa.testcases.HomePageTest" tests="1" failures="0" timestamp="05 Mar 2019 09:54:31 GMT" time="11.761" errors="0">
  <testcase name="clickjourney" time="11.761" classname="com.qa.testcases.HomePageTest"/>
</testsuite> <!-- com.qa.testcases.HomePageTest -->
