<?xml version="1.0" encoding="UTF-8"?>
<!-- Generated by org.testng.reporters.JUnitReportReporter -->
<testsuite skipped="0" hostname="PBLAP802" name="com.qa.testcases.FillDetailsPage1Test" tests="1" failures="0" timestamp="18 Jan 2019 09:35:12 GMT" time="35.140" errors="0">
  <testcase name="getquotestest" time="35.140" classname="com.qa.testcases.FillDetailsPage1Test"/>
</testsuite> <!-- com.qa.testcases.FillDetailsPage1Test -->
