<?xml version="1.0" encoding="UTF-8"?>
<!-- Generated by org.testng.reporters.JUnitReportReporter -->
<testsuite skipped="0" hostname="PBLAP802" name="com.qa.testcases.HomePageTest" tests="1" failures="0" timestamp="15 Jan 2019 11:05:38 GMT" time="10.829" errors="0">
  <testcase name="clickjourney" time="10.829" classname="com.qa.testcases.HomePageTest"/>
</testsuite> <!-- com.qa.testcases.HomePageTest -->
