<?xml version="1.0" encoding="UTF-8"?>
<!-- Generated by org.testng.reporters.JUnitReportReporter -->
<testsuite skipped="0" hostname="PBLAP802" name="com.qa.testcases.TestCase1" tests="5" failures="0" timestamp="05 Mar 2019 10:05:36 GMT" time="109.094" errors="0">
  <testcase name="blanknametest" time="16.767" classname="com.qa.testcases.TestCase1"/>
  <testcase name="blankmobiletest" time="17.279" classname="com.qa.testcases.TestCase1"/>
  <testcase name="invalidmobiletest" time="17.441" classname="com.qa.testcases.TestCase1"/>
  <testcase name="invalidmobiletest2" time="16.262" classname="com.qa.testcases.TestCase1"/>
  <testcase name="quotespage" time="41.345" classname="com.qa.testcases.TestCase1"/>
</testsuite> <!-- com.qa.testcases.TestCase1 -->
