<?xml version="1.0" encoding="UTF-8"?>
<!-- Generated by org.testng.reporters.JUnitReportReporter -->
<testsuite skipped="0" hostname="PBLAP802" name="com.qa.testcases.TestCase1" tests="6" failures="0" timestamp="30 Jan 2019 06:22:55 GMT" time="106.407" errors="0">
  <testcase name="blankmobiletest" time="16.044" classname="com.qa.testcases.TestCase1"/>
  <testcase name="invalidmobiletest" time="11.591" classname="com.qa.testcases.TestCase1"/>
  <testcase name="invalidmobiletest2" time="15.174" classname="com.qa.testcases.TestCase1"/>
  <testcase name="spacenametest" time="11.506" classname="com.qa.testcases.TestCase1"/>
  <testcase name="blanknametest" time="16.428" classname="com.qa.testcases.TestCase1"/>
  <testcase name="quotespage" time="35.664" classname="com.qa.testcases.TestCase1"/>
</testsuite> <!-- com.qa.testcases.TestCase1 -->
