<?xml version="1.0" encoding="UTF-8"?>
<!-- Generated by org.testng.reporters.JUnitReportReporter -->
<testsuite skipped="0" hostname="PBLAP802" name="com.qa.testcases.TestCaseCampaignJourney" tests="1" failures="0" timestamp="11 Mar 2019 08:18:19 GMT" time="61.785" errors="0">
  <testcase name="quotespage" time="61.785" classname="com.qa.testcases.TestCaseCampaignJourney"/>
</testsuite> <!-- com.qa.testcases.TestCaseCampaignJourney -->
