<?xml version="1.0" encoding="UTF-8"?>
<!-- Generated by org.testng.reporters.JUnitReportReporter -->
<testsuite skipped="0" hostname="PBLAP802" name="com.qa.testcases.SampleTestCase" tests="1" failures="0" timestamp="21 Sep 2018 10:53:48 GMT" time="0.003" errors="0">
  <testcase name="launch" time="0.003" classname="com.qa.testcases.SampleTestCase"/>
</testsuite> <!-- com.qa.testcases.SampleTestCase -->
